Ign http://security.ubuntu.com utopic-security InRelease
Ign http://archive.ubuntu.com utopic InRelease
Get:1 http://security.ubuntu.com utopic-security Release.gpg [933 B]
Ign http://archive.ubuntu.com utopic-updates InRelease
Get:2 http://security.ubuntu.com utopic-security Release [62.0 kB]
Hit http://archive.ubuntu.com utopic Release.gpg
Get:3 http://archive.ubuntu.com utopic-updates Release.gpg [933 B]
Hit http://archive.ubuntu.com utopic Release
Get:4 http://archive.ubuntu.com utopic-updates Release [62.0 kB]
Get:5 http://security.ubuntu.com utopic-security/main Sources [38.5 kB]
Get:6 http://security.ubuntu.com utopic-security/universe Sources [8,062 B]
Get:7 http://security.ubuntu.com utopic-security/main amd64 Packages [112 kB]
Get:8 http://archive.ubuntu.com utopic/main Sources [1,046 kB]
Get:9 http://security.ubuntu.com utopic-security/universe amd64 Packages [49.7 kB]
Get:10 http://security.ubuntu.com utopic-security/main Translation-en [53.9 kB]
Get:11 http://security.ubuntu.com utopic-security/universe Translation-en [27.2 kB]
Get:12 http://archive.ubuntu.com utopic/universe Sources [6,736 kB]
Hit http://archive.ubuntu.com utopic/main amd64 Packages
Hit http://archive.ubuntu.com utopic/universe amd64 Packages
Hit http://archive.ubuntu.com utopic/main Translation-en
Hit http://archive.ubuntu.com utopic/universe Translation-en
Get:13 http://archive.ubuntu.com utopic-updates/main Sources [67.9 kB]
Get:14 http://archive.ubuntu.com utopic-updates/universe Sources [17.6 kB]
Get:15 http://archive.ubuntu.com utopic-updates/main amd64 Packages [177 kB]
Get:16 http://archive.ubuntu.com utopic-updates/universe amd64 Packages [73.1 kB]
Get:17 http://archive.ubuntu.com utopic-updates/main Translation-en [80.7 kB]
Get:18 http://archive.ubuntu.com utopic-updates/universe Translation-en [39.9 kB]
Fetched 8,654 kB in 13s (641 kB/s)
Reading package lists...
Reading package lists...
Building dependency tree...
Reading state information...
The following packages were automatically installed and are no longer required:
  libdrm-intel1 libdrm-nouveau2 libdrm-radeon1 libegl1-mesa
  libegl1-mesa-drivers libepoxy0 libfontenc1 libgbm1 libgl1-mesa-dri
  libgl1-mesa-glx libglapi-mesa libice6 libllvm3.5 libopenvg1-mesa
  libpciaccess0 libpixman-1-0 libsm6 libtxc-dxtn-s2tc0 libwayland-client0
  libwayland-egl1-mesa libwayland-server0 libx11-xcb1 libxaw7 libxcb-dri2-0
  libxcb-dri3-0 libxcb-glx0 libxcb-present0 libxcb-sync1 libxcb-xfixes0
  libxcomposite1 libxdamage1 libxfixes3 libxfont1 libxkbfile1 libxmu6 libxpm4
  libxrandr2 libxrender1 libxshmfence1 libxt6 libxxf86vm1 x11-common
  x11-xkb-utils xfonts-base xfonts-encodings xfonts-utils xserver-common
  xserver-xorg-core
Use 'apt-get autoremove' to remove them.
The following packages will be upgraded:
  binutils ntpdate
2 upgraded, 0 newly installed, 0 to remove and 0 not upgraded.
Need to get 2,260 kB of archives.
After this operation, 25.6 kB of additional disk space will be used.
Get:1 http://archive.ubuntu.com/ubuntu/ utopic-updates/main ntpdate amd64 1:4.2.6.p5+dfsg-3ubuntu2.14.10.2 [56.5 kB]
Get:2 http://archive.ubuntu.com/ubuntu/ utopic-updates/main binutils amd64 2.24.90.20141014-0ubuntu3.1 [2,203 kB]
dpkg-preconfigure: unable to re-open stdin: No such file or directory
Fetched 2,260 kB in 8s (272 kB/s)
(Reading database ... 61342 files and directories currently installed.)
Preparing to unpack .../ntpdate_1%3a4.2.6.p5+dfsg-3ubuntu2.14.10.2_amd64.deb ...
Unpacking ntpdate (1:4.2.6.p5+dfsg-3ubuntu2.14.10.2) over (1:4.2.6.p5+dfsg-3ubuntu2.14.10.1) ...
Preparing to unpack .../binutils_2.24.90.20141014-0ubuntu3.1_amd64.deb ...
Unpacking binutils (2.24.90.20141014-0ubuntu3.1) over (2.24.90.20141014-0ubuntu3) ...
Processing triggers for man-db (2.7.0.2-2) ...
Setting up ntpdate (1:4.2.6.p5+dfsg-3ubuntu2.14.10.2) ...
Setting up binutils (2.24.90.20141014-0ubuntu3.1) ...
Processing triggers for libc-bin (2.19-10ubuntu2.2) ...
Reading package lists...
Building dependency tree...
Reading state information...
The following packages were automatically installed and are no longer required:
  libegl1-mesa libegl1-mesa-drivers libepoxy0 libgbm1 libopenvg1-mesa
  libwayland-client0 libwayland-egl1-mesa libwayland-server0 libxcb-xfixes0
  libxcomposite1 libxrandr2 libxrender1 xserver-xorg-core
Use 'apt-get autoremove' to remove them.
The following NEW packages will be installed:
  xvfb
0 upgraded, 1 newly installed, 0 to remove and 0 not upgraded.
Need to get 768 kB of archives.
After this operation, 2,253 kB of additional disk space will be used.
Get:1 http://archive.ubuntu.com/ubuntu/ utopic-updates/main xvfb amd64 2:1.16.0-1ubuntu1.2 [768 kB]
dpkg-preconfigure: unable to re-open stdin: No such file or directory
Fetched 768 kB in 17s (44.1 kB/s)
Selecting previously unselected package xvfb.
(Reading database ... 61342 files and directories currently installed.)
Preparing to unpack .../xvfb_2%3a1.16.0-1ubuntu1.2_amd64.deb ...
Unpacking xvfb (2:1.16.0-1ubuntu1.2) ...
Processing triggers for man-db (2.7.0.2-2) ...
Setting up xvfb (2:1.16.0-1ubuntu1.2) ...
Reading package lists...
Building dependency tree...
Reading state information...
The following packages were automatically installed and are no longer required:
  libegl1-mesa libegl1-mesa-drivers libepoxy0 libgbm1 libopenvg1-mesa
  libwayland-client0 libwayland-egl1-mesa libwayland-server0 libxcb-xfixes0
  libxcomposite1 libxrandr2 libxrender1 xserver-xorg-core
Use 'apt-get autoremove' to remove them.
The following extra packages will be installed:
  php5-common php5-json php5-readline
Suggested packages:
  php-pear php5-user-cache
The following NEW packages will be installed:
  php5-cli php5-common php5-json php5-readline
0 upgraded, 4 newly installed, 0 to remove and 0 not upgraded.
Need to get 2,680 kB of archives.
After this operation, 10.6 MB of additional disk space will be used.
Get:1 http://archive.ubuntu.com/ubuntu/ utopic-updates/main php5-common amd64 5.5.12+dfsg-2ubuntu4.1 [441 kB]
Get:2 http://archive.ubuntu.com/ubuntu/ utopic/main php5-json amd64 1.3.6-1 [18.4 kB]
Get:3 http://archive.ubuntu.com/ubuntu/ utopic-updates/main php5-cli amd64 5.5.12+dfsg-2ubuntu4.1 [2,208 kB]
Get:4 http://archive.ubuntu.com/ubuntu/ utopic-updates/main php5-readline amd64 5.5.12+dfsg-2ubuntu4.1 [12.5 kB]
dpkg-preconfigure: unable to re-open stdin: No such file or directory
Fetched 2,680 kB in 15s (169 kB/s)
Selecting previously unselected package php5-common.
(Reading database ... 61349 files and directories currently installed.)
Preparing to unpack .../php5-common_5.5.12+dfsg-2ubuntu4.1_amd64.deb ...
Unpacking php5-common (5.5.12+dfsg-2ubuntu4.1) ...
Selecting previously unselected package php5-json.
Preparing to unpack .../php5-json_1.3.6-1_amd64.deb ...
Unpacking php5-json (1.3.6-1) ...
Selecting previously unselected package php5-cli.
Preparing to unpack .../php5-cli_5.5.12+dfsg-2ubuntu4.1_amd64.deb ...
Unpacking php5-cli (5.5.12+dfsg-2ubuntu4.1) ...
Selecting previously unselected package php5-readline.
Preparing to unpack .../php5-readline_5.5.12+dfsg-2ubuntu4.1_amd64.deb ...
Unpacking php5-readline (5.5.12+dfsg-2ubuntu4.1) ...
Processing triggers for man-db (2.7.0.2-2) ...
Setting up php5-common (5.5.12+dfsg-2ubuntu4.1) ...

Creating config file /etc/php5/mods-available/pdo.ini with new version
php5_invoke: Enable module pdo for cli SAPI

Creating config file /etc/php5/mods-available/opcache.ini with new version
php5_invoke: Enable module opcache for cli SAPI
Setting up php5-json (1.3.6-1) ...
php5_invoke: Enable module json for cli SAPI
Setting up php5-cli (5.5.12+dfsg-2ubuntu4.1) ...
update-alternatives: using /usr/bin/php5 to provide /usr/bin/php (php) in auto mode

Creating config file /etc/php5/cli/php.ini with new version
php5_invoke opcache: already enabled for cli SAPI
php5_invoke json: already enabled for cli SAPI
php5_invoke pdo: already enabled for cli SAPI
Setting up php5-readline (5.5.12+dfsg-2ubuntu4.1) ...

Creating config file /etc/php5/mods-available/readline.ini with new version
php5_invoke: Enable module readline for cli SAPI
Reading package lists...
Building dependency tree...
Reading state information...
The following packages were automatically installed and are no longer required:
  libegl1-mesa libegl1-mesa-drivers libepoxy0 libgbm1 libopenvg1-mesa
  libwayland-client0 libwayland-egl1-mesa libwayland-server0 libxcb-xfixes0
  libxcomposite1 libxrandr2 libxrender1 xserver-xorg-core
Use 'apt-get autoremove' to remove them.
The following NEW packages will be installed:
  php5-curl
0 upgraded, 1 newly installed, 0 to remove and 0 not upgraded.
Need to get 27.9 kB of archives.
After this operation, 142 kB of additional disk space will be used.
Get:1 http://archive.ubuntu.com/ubuntu/ utopic-updates/main php5-curl amd64 5.5.12+dfsg-2ubuntu4.1 [27.9 kB]
dpkg-preconfigure: unable to re-open stdin: No such file or directory
Fetched 27.9 kB in 7s (3,778 B/s)
Selecting previously unselected package php5-curl.
(Reading database ... 61418 files and directories currently installed.)
Preparing to unpack .../php5-curl_5.5.12+dfsg-2ubuntu4.1_amd64.deb ...
Unpacking php5-curl (5.5.12+dfsg-2ubuntu4.1) ...
Setting up php5-curl (5.5.12+dfsg-2ubuntu4.1) ...

Creating config file /etc/php5/mods-available/curl.ini with new version
php5_invoke: Enable module curl for cli SAPI
Reading package lists...
Building dependency tree...
Reading state information...
The following packages were automatically installed and are no longer required:
  libegl1-mesa libegl1-mesa-drivers libepoxy0 libgbm1 libopenvg1-mesa
  libwayland-client0 libwayland-egl1-mesa libwayland-server0 libxcb-xfixes0
  libxcomposite1 libxrandr2 libxrender1 xserver-xorg-core
Use 'apt-get autoremove' to remove them.
The following extra packages will be installed:
  apache2-bin apache2-data libapr1 libaprutil1 libaprutil1-dbd-sqlite3
  libaprutil1-ldap liblua5.1-0 ssl-cert
Suggested packages:
  apache2-doc apache2-suexec-pristine apache2-suexec-custom apache2-utils
  openssl-blacklist
The following NEW packages will be installed:
  apache2 apache2-bin apache2-data libapr1 libaprutil1 libaprutil1-dbd-sqlite3
  libaprutil1-ldap liblua5.1-0 ssl-cert
0 upgraded, 9 newly installed, 0 to remove and 0 not upgraded.
Need to get 1,429 kB of archives.
After this operation, 5,912 kB of additional disk space will be used.
Get:1 http://archive.ubuntu.com/ubuntu/ utopic/main libapr1 amd64 1.5.1-2 [85.7 kB]
Get:2 http://archive.ubuntu.com/ubuntu/ utopic/main libaprutil1 amd64 1.5.3-2 [76.8 kB]
Get:3 http://archive.ubuntu.com/ubuntu/ utopic/main liblua5.1-0 amd64 5.1.5-5ubuntu1 [102 kB]
Get:4 http://archive.ubuntu.com/ubuntu/ utopic/main libaprutil1-dbd-sqlite3 amd64 1.5.3-2 [10.6 kB]
Get:5 http://archive.ubuntu.com/ubuntu/ utopic/main libaprutil1-ldap amd64 1.5.3-2 [8,734 B]
Get:6 http://archive.ubuntu.com/ubuntu/ utopic/main apache2-bin amd64 2.4.10-1ubuntu1 [878 kB]
Get:7 http://archive.ubuntu.com/ubuntu/ utopic/main apache2-data all 2.4.10-1ubuntu1 [160 kB]
Get:8 http://archive.ubuntu.com/ubuntu/ utopic/main apache2 amd64 2.4.10-1ubuntu1 [89.0 kB]
Get:9 http://archive.ubuntu.com/ubuntu/ utopic/main ssl-cert all 1.0.34 [17.6 kB]
dpkg-preconfigure: unable to re-open stdin: No such file or directory
Fetched 1,429 kB in 8s (178 kB/s)
Selecting previously unselected package libapr1:amd64.
(Reading database ... 61425 files and directories currently installed.)
Preparing to unpack .../libapr1_1.5.1-2_amd64.deb ...
Unpacking libapr1:amd64 (1.5.1-2) ...
Selecting previously unselected package libaprutil1:amd64.
Preparing to unpack .../libaprutil1_1.5.3-2_amd64.deb ...
Unpacking libaprutil1:amd64 (1.5.3-2) ...
Selecting previously unselected package liblua5.1-0:amd64.
Preparing to unpack .../liblua5.1-0_5.1.5-5ubuntu1_amd64.deb ...
Unpacking liblua5.1-0:amd64 (5.1.5-5ubuntu1) ...
Selecting previously unselected package libaprutil1-dbd-sqlite3:amd64.
Preparing to unpack .../libaprutil1-dbd-sqlite3_1.5.3-2_amd64.deb ...
Unpacking libaprutil1-dbd-sqlite3:amd64 (1.5.3-2) ...
Selecting previously unselected package libaprutil1-ldap:amd64.
Preparing to unpack .../libaprutil1-ldap_1.5.3-2_amd64.deb ...
Unpacking libaprutil1-ldap:amd64 (1.5.3-2) ...
Selecting previously unselected package apache2-bin.
Preparing to unpack .../apache2-bin_2.4.10-1ubuntu1_amd64.deb ...
Unpacking apache2-bin (2.4.10-1ubuntu1) ...
Selecting previously unselected package apache2-data.
Preparing to unpack .../apache2-data_2.4.10-1ubuntu1_all.deb ...
Unpacking apache2-data (2.4.10-1ubuntu1) ...
Selecting previously unselected package apache2.
Preparing to unpack .../apache2_2.4.10-1ubuntu1_amd64.deb ...
Unpacking apache2 (2.4.10-1ubuntu1) ...
Selecting previously unselected package ssl-cert.
Preparing to unpack .../ssl-cert_1.0.34_all.deb ...
Unpacking ssl-cert (1.0.34) ...
Processing triggers for man-db (2.7.0.2-2) ...
Processing triggers for ureadahead (0.100.0-16) ...
Processing triggers for ufw (0.34~rc-0ubuntu4) ...
Setting up libapr1:amd64 (1.5.1-2) ...
Setting up libaprutil1:amd64 (1.5.3-2) ...
Setting up liblua5.1-0:amd64 (5.1.5-5ubuntu1) ...
Setting up libaprutil1-dbd-sqlite3:amd64 (1.5.3-2) ...
Setting up libaprutil1-ldap:amd64 (1.5.3-2) ...
Setting up apache2-bin (2.4.10-1ubuntu1) ...
Setting up apache2-data (2.4.10-1ubuntu1) ...
Setting up apache2 (2.4.10-1ubuntu1) ...
Enabling module mpm_event.
Enabling module authz_core.
Enabling module authz_host.
Enabling module authn_core.
Enabling module auth_basic.
Enabling module access_compat.
Enabling module authn_file.
Enabling module authz_user.
Enabling module alias.
Enabling module dir.
Enabling module autoindex.
Enabling module env.
Enabling module mime.
Enabling module negotiation.
Enabling module setenvif.
Enabling module filter.
Enabling module deflate.
Enabling module status.
Enabling conf charset.
Enabling conf localized-error-pages.
Enabling conf other-vhosts-access-log.
Enabling conf security.
Enabling conf serve-cgi-bin.
Enabling site 000-default.
 * Starting web server apache2
 * 
Setting up ssl-cert (1.0.34) ...
Processing triggers for libc-bin (2.19-10ubuntu2.2) ...
Processing triggers for ureadahead (0.100.0-16) ...
Processing triggers for ufw (0.34~rc-0ubuntu4) ...
Reading package lists...
Building dependency tree...
Reading state information...
The following packages were automatically installed and are no longer required:
  libegl1-mesa libegl1-mesa-drivers libepoxy0 libgbm1 libopenvg1-mesa
  libwayland-client0 libwayland-egl1-mesa libwayland-server0 libxcb-xfixes0
  libxcomposite1 libxrandr2 libxrender1 xserver-xorg-core
Use 'apt-get autoremove' to remove them.
Suggested packages:
  php-pear
The following NEW packages will be installed:
  libapache2-mod-php5
0 upgraded, 1 newly installed, 0 to remove and 0 not upgraded.
Need to get 2,250 kB of archives.
After this operation, 10.0 MB of additional disk space will be used.
Get:1 http://archive.ubuntu.com/ubuntu/ utopic-updates/main libapache2-mod-php5 amd64 5.5.12+dfsg-2ubuntu4.1 [2,250 kB]
dpkg-preconfigure: unable to re-open stdin: No such file or directory
Fetched 2,250 kB in 14s (153 kB/s)
Selecting previously unselected package libapache2-mod-php5.
(Reading database ... 62077 files and directories currently installed.)
Preparing to unpack .../libapache2-mod-php5_5.5.12+dfsg-2ubuntu4.1_amd64.deb ...
Unpacking libapache2-mod-php5 (5.5.12+dfsg-2ubuntu4.1) ...
Setting up libapache2-mod-php5 (5.5.12+dfsg-2ubuntu4.1) ...

Creating config file /etc/php5/apache2/php.ini with new version
php5_invoke: Enable module opcache for apache2 SAPI
php5_invoke: Enable module json for apache2 SAPI
php5_invoke: Enable module readline for apache2 SAPI
php5_invoke: Enable module pdo for apache2 SAPI
php5_invoke: Enable module curl for apache2 SAPI
Module mpm_event disabled.
Enabling module mpm_prefork.
apache2_switch_mpm Switch to prefork
 * Restarting web server apache2
   ...done.
apache2_invoke: Enable module php5
 * Restarting web server apache2
   ...done.
Reading package lists...
Building dependency tree...
Reading state information...
curl is already the newest version.
The following packages were automatically installed and are no longer required:
  libegl1-mesa libegl1-mesa-drivers libepoxy0 libgbm1 libopenvg1-mesa
  libwayland-client0 libwayland-egl1-mesa libwayland-server0 libxcb-xfixes0
  libxcomposite1 libxrandr2 libxrender1 xserver-xorg-core
Use 'apt-get autoremove' to remove them.
0 upgraded, 0 newly installed, 0 to remove and 0 not upgraded.
Reading package lists...
Building dependency tree...
Reading state information...
The following packages were automatically installed and are no longer required:
  libegl1-mesa libegl1-mesa-drivers libepoxy0 libgbm1 libopenvg1-mesa
  libwayland-client0 libwayland-egl1-mesa libwayland-server0 libxcb-xfixes0
  libxcomposite1 libxrandr2 libxrender1 xserver-xorg-core
Use 'apt-get autoremove' to remove them.
The following extra packages will be installed:
  git-man liberror-perl
Suggested packages:
  git-daemon-run git-daemon-sysvinit git-doc git-el git-email git-gui gitk
  gitweb git-arch git-cvs git-mediawiki git-svn
The following NEW packages will be installed:
  git git-man liberror-perl
0 upgraded, 3 newly installed, 0 to remove and 0 not upgraded.
Need to get 3,011 kB of archives.
After this operation, 22.7 MB of additional disk space will be used.
Get:1 http://archive.ubuntu.com/ubuntu/ utopic/main liberror-perl all 0.17-1.1 [21.1 kB]
Get:2 http://archive.ubuntu.com/ubuntu/ utopic-updates/main git-man all 1:2.1.0-1ubuntu0.1 [700 kB]
Get:3 http://archive.ubuntu.com/ubuntu/ utopic-updates/main git amd64 1:2.1.0-1ubuntu0.1 [2,290 kB]
dpkg-preconfigure: unable to re-open stdin: No such file or directory
Fetched 3,011 kB in 7s (406 kB/s)
Selecting previously unselected package liberror-perl.
(Reading database ... 62088 files and directories currently installed.)
Preparing to unpack .../liberror-perl_0.17-1.1_all.deb ...
Unpacking liberror-perl (0.17-1.1) ...
Selecting previously unselected package git-man.
Preparing to unpack .../git-man_1%3a2.1.0-1ubuntu0.1_all.deb ...
Unpacking git-man (1:2.1.0-1ubuntu0.1) ...
Selecting previously unselected package git.
Preparing to unpack .../git_1%3a2.1.0-1ubuntu0.1_amd64.deb ...
Unpacking git (1:2.1.0-1ubuntu0.1) ...
Processing triggers for man-db (2.7.0.2-2) ...
Setting up liberror-perl (0.17-1.1) ...
Setting up git-man (1:2.1.0-1ubuntu0.1) ...
Setting up git (1:2.1.0-1ubuntu0.1) ...
Reading package lists...
Building dependency tree...
Reading state information...
The following packages were automatically installed and are no longer required:
  libegl1-mesa libegl1-mesa-drivers libepoxy0 libgbm1 libopenvg1-mesa
  libwayland-client0 libwayland-egl1-mesa libwayland-server0 libxcb-xfixes0
  libxcomposite1 libxrandr2 libxrender1 xserver-xorg-core
Use 'apt-get autoremove' to remove them.
The following extra packages will be installed:
  libpq5 postgresql-9.4 postgresql-client-9.4 postgresql-client-common
  postgresql-common
Suggested packages:
  postgresql-doc oidentd ident-server locales-all postgresql-doc-9.4
The following NEW packages will be installed:
  libpq5 postgresql postgresql-9.4 postgresql-client-9.4
  postgresql-client-common postgresql-common
0 upgraded, 6 newly installed, 0 to remove and 0 not upgraded.
Need to get 3,913 kB of archives.
After this operation, 16.2 MB of additional disk space will be used.
Get:1 http://archive.ubuntu.com/ubuntu/ utopic-updates/main libpq5 amd64 9.4.0-1~0ubuntu0.14.10 [76.2 kB]
Get:2 http://archive.ubuntu.com/ubuntu/ utopic/main postgresql-client-common all 162 [27.3 kB]
Get:3 http://archive.ubuntu.com/ubuntu/ utopic-updates/main postgresql-client-9.4 amd64 9.4.0-1~0ubuntu0.14.10 [817 kB]
Get:4 http://archive.ubuntu.com/ubuntu/ utopic/main postgresql-common all 162 [145 kB]
Get:5 http://archive.ubuntu.com/ubuntu/ utopic-updates/main postgresql-9.4 amd64 9.4.0-1~0ubuntu0.14.10 [2,841 kB]
Get:6 http://archive.ubuntu.com/ubuntu/ utopic/main postgresql all 9.4+162 [5,768 B]
dpkg-preconfigure: unable to re-open stdin: No such file or directory
Fetched 3,913 kB in 8s (488 kB/s)
Selecting previously unselected package libpq5:amd64.
(Reading database ... 62839 files and directories currently installed.)
Preparing to unpack .../libpq5_9.4.0-1~0ubuntu0.14.10_amd64.deb ...
Unpacking libpq5:amd64 (9.4.0-1~0ubuntu0.14.10) ...
Selecting previously unselected package postgresql-client-common.
Preparing to unpack .../postgresql-client-common_162_all.deb ...
Unpacking postgresql-client-common (162) ...
Selecting previously unselected package postgresql-client-9.4.
Preparing to unpack .../postgresql-client-9.4_9.4.0-1~0ubuntu0.14.10_amd64.deb ...
Unpacking postgresql-client-9.4 (9.4.0-1~0ubuntu0.14.10) ...
Selecting previously unselected package postgresql-common.
Preparing to unpack .../postgresql-common_162_all.deb ...
Adding 'diversion of /usr/bin/pg_config to /usr/bin/pg_config.libpq-dev by postgresql-common'
Unpacking postgresql-common (162) ...
Selecting previously unselected package postgresql-9.4.
Preparing to unpack .../postgresql-9.4_9.4.0-1~0ubuntu0.14.10_amd64.deb ...
Unpacking postgresql-9.4 (9.4.0-1~0ubuntu0.14.10) ...
Selecting previously unselected package postgresql.
Preparing to unpack .../postgresql_9.4+162_all.deb ...
Unpacking postgresql (9.4+162) ...
Processing triggers for man-db (2.7.0.2-2) ...
Processing triggers for ureadahead (0.100.0-16) ...
Setting up libpq5:amd64 (9.4.0-1~0ubuntu0.14.10) ...
Setting up postgresql-client-common (162) ...
Setting up postgresql-client-9.4 (9.4.0-1~0ubuntu0.14.10) ...
update-alternatives: using /usr/share/postgresql/9.4/man/man1/psql.1.gz to provide /usr/share/man/man1/psql.1.gz (psql.1.gz) in auto mode
Setting up postgresql-common (162) ...
Adding user postgres to group ssl-cert

Creating config file /etc/postgresql-common/createcluster.conf with new version

Creating config file /etc/logrotate.d/postgresql-common with new version
Building PostgreSQL dictionaries from installed myspell/hunspell packages...
Removing obsolete dictionary files:
 * No PostgreSQL clusters exist; see "man pg_createcluster"
Processing triggers for ureadahead (0.100.0-16) ...
Setting up postgresql-9.4 (9.4.0-1~0ubuntu0.14.10) ...
Creating new cluster 9.4/main ...
  config /etc/postgresql/9.4/main
  data   /var/lib/postgresql/9.4/main
  locale en_US.UTF-8
  port   5432
update-alternatives: using /usr/share/postgresql/9.4/man/man1/postmaster.1.gz to provide /usr/share/man/man1/postmaster.1.gz (postmaster.1.gz) in auto mode
 * Starting PostgreSQL 9.4 database server
   ...done.
Setting up postgresql (9.4+162) ...
Processing triggers for libc-bin (2.19-10ubuntu2.2) ...
Reading package lists...
Building dependency tree...
Reading state information...
The following packages were automatically installed and are no longer required:
  libegl1-mesa libegl1-mesa-drivers libepoxy0 libgbm1 libopenvg1-mesa
  libwayland-client0 libwayland-egl1-mesa libwayland-server0 libxcb-xfixes0
  libxcomposite1 libxrandr2 libxrender1 xserver-xorg-core
Use 'apt-get autoremove' to remove them.
The following NEW packages will be installed:
  php5-pgsql
0 upgraded, 1 newly installed, 0 to remove and 0 not upgraded.
Need to get 53.5 kB of archives.
After this operation, 228 kB of additional disk space will be used.
Get:1 http://archive.ubuntu.com/ubuntu/ utopic-updates/main php5-pgsql amd64 5.5.12+dfsg-2ubuntu4.1 [53.5 kB]
dpkg-preconfigure: unable to re-open stdin: No such file or directory
Fetched 53.5 kB in 5s (8,919 B/s)
Selecting previously unselected package php5-pgsql.
(Reading database ... 63279 files and directories currently installed.)
Preparing to unpack .../php5-pgsql_5.5.12+dfsg-2ubuntu4.1_amd64.deb ...
Unpacking php5-pgsql (5.5.12+dfsg-2ubuntu4.1) ...
Processing triggers for libapache2-mod-php5 (5.5.12+dfsg-2ubuntu4.1) ...
Setting up php5-pgsql (5.5.12+dfsg-2ubuntu4.1) ...

Creating config file /etc/php5/mods-available/pgsql.ini with new version
php5_invoke: Enable module pgsql for apache2 SAPI
php5_invoke: Enable module pgsql for cli SAPI

Creating config file /etc/php5/mods-available/pdo_pgsql.ini with new version
php5_invoke: Enable module pdo_pgsql for apache2 SAPI
php5_invoke: Enable module pdo_pgsql for cli SAPI
Processing triggers for libapache2-mod-php5 (5.5.12+dfsg-2ubuntu4.1) ...
Reading package lists...
Building dependency tree...
Reading state information...
The following packages were automatically installed and are no longer required:
  libegl1-mesa libegl1-mesa-drivers libepoxy0 libgbm1 libopenvg1-mesa
  libwayland-client0 libwayland-egl1-mesa libwayland-server0 libxcb-xfixes0
  libxcomposite1 libxrandr2 libxrender1 xserver-xorg-core
Use 'apt-get autoremove' to remove them.
The following extra packages will be installed:
  libc-ares2 libv8-3.14.5
The following NEW packages will be installed:
  libc-ares2 libv8-3.14.5 nodejs
0 upgraded, 3 newly installed, 0 to remove and 0 not upgraded.
Need to get 1,912 kB of archives.
After this operation, 7,538 kB of additional disk space will be used.
Get:1 http://archive.ubuntu.com/ubuntu/ utopic/main libc-ares2 amd64 1.10.0-2 [38.5 kB]
Get:2 http://archive.ubuntu.com/ubuntu/ utopic/universe libv8-3.14.5 amd64 3.14.5.8-5ubuntu2 [1,189 kB]
Get:3 http://archive.ubuntu.com/ubuntu/ utopic/universe nodejs amd64 0.10.25~dfsg2-2ubuntu1 [684 kB]
dpkg-preconfigure: unable to re-open stdin: No such file or directory
Fetched 1,912 kB in 7s (242 kB/s)
Selecting previously unselected package libc-ares2:amd64.
(Reading database ... 63288 files and directories currently installed.)
Preparing to unpack .../libc-ares2_1.10.0-2_amd64.deb ...
Unpacking libc-ares2:amd64 (1.10.0-2) ...
Selecting previously unselected package libv8-3.14.5.
Preparing to unpack .../libv8-3.14.5_3.14.5.8-5ubuntu2_amd64.deb ...
Unpacking libv8-3.14.5 (3.14.5.8-5ubuntu2) ...
Selecting previously unselected package nodejs.
Preparing to unpack .../nodejs_0.10.25~dfsg2-2ubuntu1_amd64.deb ...
Unpacking nodejs (0.10.25~dfsg2-2ubuntu1) ...
Processing triggers for man-db (2.7.0.2-2) ...
Setting up libc-ares2:amd64 (1.10.0-2) ...
Setting up libv8-3.14.5 (3.14.5.8-5ubuntu2) ...
Setting up nodejs (0.10.25~dfsg2-2ubuntu1) ...
update-alternatives: using /usr/bin/nodejs to provide /usr/bin/js (js) in auto mode
Processing triggers for libc-bin (2.19-10ubuntu2.2) ...
Reading package lists...
Building dependency tree...
Reading state information...
The following packages were automatically installed and are no longer required:
  libegl1-mesa libegl1-mesa-drivers libepoxy0 libgbm1 libopenvg1-mesa
  libwayland-client0 libwayland-egl1-mesa libwayland-server0 libxcb-xfixes0
  libxcomposite1 libxrandr2 libxrender1 xserver-xorg-core
Use 'apt-get autoremove' to remove them.
The following extra packages will be installed:
  build-essential dpkg-dev g++ g++-4.9 gyp javascript-common
  libalgorithm-diff-perl libalgorithm-diff-xs-perl libalgorithm-merge-perl
  libc-ares-dev libdpkg-perl libfile-fcntllock-perl libjs-node-uuid
  libjs-underscore libssl-dev libssl-doc libstdc++-4.9-dev libv8-3.14-dev
  node-abbrev node-ansi node-ansi-color-table node-archy node-async
  node-block-stream node-combined-stream node-cookie-jar node-delayed-stream
  node-forever-agent node-form-data node-fstream node-fstream-ignore
  node-github-url-from-git node-glob node-graceful-fs node-gyp node-inherits
  node-ini node-json-stringify-safe node-lockfile node-lru-cache node-mime
  node-minimatch node-mkdirp node-mute-stream node-node-uuid node-nopt
  node-normalize-package-data node-npmlog node-once node-osenv node-qs
  node-read node-read-package-json node-request node-retry node-rimraf
  node-semver node-sha node-sigmund node-slide node-tar node-tunnel-agent
  node-underscore node-which nodejs-dev zlib1g-dev
Suggested packages:
  debian-keyring g++-multilib g++-4.9-multilib gcc-4.9-doc libstdc++6-4.9-dbg
  libstdc++-4.9-doc node-hawk node-aws-sign node-oauth-sign
  node-http-signature
The following NEW packages will be installed:
  build-essential dpkg-dev g++ g++-4.9 gyp javascript-common
  libalgorithm-diff-perl libalgorithm-diff-xs-perl libalgorithm-merge-perl
  libc-ares-dev libdpkg-perl libfile-fcntllock-perl libjs-node-uuid
  libjs-underscore libssl-dev libssl-doc libstdc++-4.9-dev libv8-3.14-dev
  node-abbrev node-ansi node-ansi-color-table node-archy node-async
  node-block-stream node-combined-stream node-cookie-jar node-delayed-stream
  node-forever-agent node-form-data node-fstream node-fstream-ignore
  node-github-url-from-git node-glob node-graceful-fs node-gyp node-inherits
  node-ini node-json-stringify-safe node-lockfile node-lru-cache node-mime
  node-minimatch node-mkdirp node-mute-stream node-node-uuid node-nopt
  node-normalize-package-data node-npmlog node-once node-osenv node-qs
  node-read node-read-package-json node-request node-retry node-rimraf
  node-semver node-sha node-sigmund node-slide node-tar node-tunnel-agent
  node-underscore node-which nodejs-dev npm zlib1g-dev
0 upgraded, 67 newly installed, 0 to remove and 0 not upgraded.
Need to get 23.1 MB of archives.
After this operation, 61.8 MB of additional disk space will be used.
Get:1 http://archive.ubuntu.com/ubuntu/ utopic/main libstdc++-4.9-dev amd64 4.9.1-16ubuntu6 [1,121 kB]
Get:2 http://archive.ubuntu.com/ubuntu/ utopic/main g++-4.9 amd64 4.9.1-16ubuntu6 [17.4 MB]
Get:3 http://archive.ubuntu.com/ubuntu/ utopic/main g++ amd64 4:4.9.1-4ubuntu2 [1,618 B]
Get:4 http://archive.ubuntu.com/ubuntu/ utopic/main libdpkg-perl all 1.17.13ubuntu1 [182 kB]
Get:5 http://archive.ubuntu.com/ubuntu/ utopic/main dpkg-dev all 1.17.13ubuntu1 [737 kB]
Get:6 http://archive.ubuntu.com/ubuntu/ utopic/main build-essential amd64 11.6ubuntu6 [4,838 B]
Get:7 http://archive.ubuntu.com/ubuntu/ utopic/universe gyp all 0.1~svn1729-3ubuntu1 [201 kB]
Get:8 http://archive.ubuntu.com/ubuntu/ utopic/main javascript-common all 11 [6,066 B]
Get:9 http://archive.ubuntu.com/ubuntu/ utopic/main libalgorithm-diff-perl all 1.19.02-3 [50.0 kB]
Get:10 http://archive.ubuntu.com/ubuntu/ utopic/main libalgorithm-diff-xs-perl amd64 0.04-3build1 [11.8 kB]
Get:11 http://archive.ubuntu.com/ubuntu/ utopic/main libalgorithm-merge-perl all 0.08-2 [12.7 kB]
Get:12 http://archive.ubuntu.com/ubuntu/ utopic/main libfile-fcntllock-perl amd64 0.22-1build1 [34.3 kB]
Get:13 http://archive.ubuntu.com/ubuntu/ utopic/universe libjs-node-uuid all 1.4.0-1 [11.1 kB]
Get:14 http://archive.ubuntu.com/ubuntu/ utopic/main libjs-underscore all 1.4.4-2ubuntu1 [45.6 kB]
Get:15 http://archive.ubuntu.com/ubuntu/ utopic/main zlib1g-dev amd64 1:1.2.8.dfsg-1ubuntu1 [183 kB]
Get:16 http://archive.ubuntu.com/ubuntu/ utopic-updates/main libssl-dev amd64 1.0.1f-1ubuntu9.1 [1,086 kB]
Get:17 http://archive.ubuntu.com/ubuntu/ utopic-updates/main libssl-doc all 1.0.1f-1ubuntu9.1 [963 kB]
Get:18 http://archive.ubuntu.com/ubuntu/ utopic/universe libv8-3.14-dev amd64 3.14.5.8-5ubuntu2 [57.6 kB]
Get:19 http://archive.ubuntu.com/ubuntu/ utopic/universe node-async all 0.8.0-1 [22.2 kB]
Get:20 http://archive.ubuntu.com/ubuntu/ utopic/universe node-node-uuid all 1.4.0-1 [2,530 B]
Get:21 http://archive.ubuntu.com/ubuntu/ utopic/universe node-underscore all 1.4.4-2ubuntu1 [3,020 B]
Get:22 http://archive.ubuntu.com/ubuntu/ utopic/main libc-ares-dev amd64 1.10.0-2 [109 kB]
Get:23 http://archive.ubuntu.com/ubuntu/ utopic/universe node-abbrev all 1.0.5-2 [3,592 B]
Get:24 http://archive.ubuntu.com/ubuntu/ utopic/universe node-ansi all 0.3.0-2 [8,590 B]
Get:25 http://archive.ubuntu.com/ubuntu/ utopic/universe node-ansi-color-table all 1.0.0-1 [4,478 B]
Get:26 http://archive.ubuntu.com/ubuntu/ utopic/universe node-archy all 0.0.2-1 [3,660 B]
Get:27 http://archive.ubuntu.com/ubuntu/ utopic/universe node-inherits all 2.0.0-1 [3,090 B]
Get:28 http://archive.ubuntu.com/ubuntu/ utopic/universe node-block-stream all 0.0.7-1 [4,832 B]
Get:29 http://archive.ubuntu.com/ubuntu/ utopic/universe node-delayed-stream all 0.0.5-1 [4,750 B]
Get:30 http://archive.ubuntu.com/ubuntu/ utopic/universe node-combined-stream all 0.0.5-1 [4,958 B]
Get:31 http://archive.ubuntu.com/ubuntu/ utopic/universe node-cookie-jar all 0.3.1-1 [3,746 B]
Get:32 http://archive.ubuntu.com/ubuntu/ utopic/universe node-forever-agent all 0.5.1-1 [3,194 B]
Get:33 http://archive.ubuntu.com/ubuntu/ utopic/universe node-mime all 1.2.11-1 [20.2 kB]
Get:34 http://archive.ubuntu.com/ubuntu/ utopic/universe node-form-data all 0.1.0-1 [6,412 B]
Get:35 http://archive.ubuntu.com/ubuntu/ utopic/universe node-rimraf all 2.2.2-2 [5,392 B]
Get:36 http://archive.ubuntu.com/ubuntu/ utopic/universe node-mkdirp all 0.3.5-1 [4,146 B]
Get:37 http://archive.ubuntu.com/ubuntu/ utopic/universe node-graceful-fs all 3.0.2-1 [7,102 B]
Get:38 http://archive.ubuntu.com/ubuntu/ utopic/universe node-fstream all 0.1.24-1 [19.5 kB]
Get:39 http://archive.ubuntu.com/ubuntu/ utopic/universe node-lru-cache all 2.3.1-1 [5,674 B]
Get:40 http://archive.ubuntu.com/ubuntu/ utopic/universe node-sigmund all 1.0.0-1 [3,818 B]
Get:41 http://archive.ubuntu.com/ubuntu/ utopic/universe node-minimatch all 1.0.0-1 [14.0 kB]
Get:42 http://archive.ubuntu.com/ubuntu/ utopic/universe node-fstream-ignore all 0.0.6-2 [5,586 B]
Get:43 http://archive.ubuntu.com/ubuntu/ utopic/universe node-github-url-from-git all 1.1.1-1 [3,138 B]
Get:44 http://archive.ubuntu.com/ubuntu/ utopic/universe node-once all 1.1.1-1 [2,608 B]
Get:45 http://archive.ubuntu.com/ubuntu/ utopic/universe node-glob all 4.0.5-1 [13.2 kB]
Get:46 http://archive.ubuntu.com/ubuntu/ utopic/universe nodejs-dev amd64 0.10.25~dfsg2-2ubuntu1 [169 kB]
Get:47 http://archive.ubuntu.com/ubuntu/ utopic/universe node-nopt all 3.0.1-1 [9,544 B]
Get:48 http://archive.ubuntu.com/ubuntu/ utopic/universe node-npmlog all 0.0.4-1 [5,844 B]
Get:49 http://archive.ubuntu.com/ubuntu/ utopic/universe node-osenv all 0.1.0-1 [3,772 B]
Get:50 http://archive.ubuntu.com/ubuntu/ utopic/universe node-tunnel-agent all 0.3.1-1 [4,018 B]
Get:51 http://archive.ubuntu.com/ubuntu/ utopic/universe node-json-stringify-safe all 5.0.0-1 [3,544 B]
Get:52 http://archive.ubuntu.com/ubuntu/ utopic/universe node-qs all 0.6.5-1 [5,876 B]
Get:53 http://archive.ubuntu.com/ubuntu/ utopic/universe node-request all 2.26.1-1 [14.5 kB]
Get:54 http://archive.ubuntu.com/ubuntu/ utopic/universe node-semver all 2.1.0-2 [16.2 kB]
Get:55 http://archive.ubuntu.com/ubuntu/ utopic/universe node-tar all 0.1.18-1 [18.3 kB]
Get:56 http://archive.ubuntu.com/ubuntu/ utopic/universe node-which all 1.0.5-2 [3,678 B]
Get:57 http://archive.ubuntu.com/ubuntu/ utopic/universe node-gyp all 0.12.2+ds-1 [19.4 kB]
Get:58 http://archive.ubuntu.com/ubuntu/ utopic/universe node-ini all 1.1.0-1 [4,770 B]
Get:59 http://archive.ubuntu.com/ubuntu/ utopic/universe node-lockfile all 0.4.1-1 [5,450 B]
Get:60 http://archive.ubuntu.com/ubuntu/ utopic/universe node-mute-stream all 0.0.4-1 [4,096 B]
Get:61 http://archive.ubuntu.com/ubuntu/ utopic/universe node-normalize-package-data all 0.2.2-1 [9,286 B]
Get:62 http://archive.ubuntu.com/ubuntu/ utopic/universe node-read all 1.0.5-1 [4,314 B]
Get:63 http://archive.ubuntu.com/ubuntu/ utopic/universe node-read-package-json all 1.2.4-1 [7,780 B]
Get:64 http://archive.ubuntu.com/ubuntu/ utopic/universe node-retry all 0.6.0-1 [6,172 B]
Get:65 http://archive.ubuntu.com/ubuntu/ utopic/universe node-sha all 1.2.3-1 [4,272 B]
Get:66 http://archive.ubuntu.com/ubuntu/ utopic/universe node-slide all 1.1.4-1 [6,118 B]
Get:67 http://archive.ubuntu.com/ubuntu/ utopic/universe npm all 1.4.21+ds-2 [353 kB]
dpkg-preconfigure: unable to re-open stdin: No such file or directory
Fetched 23.1 MB in 1min 9s (331 kB/s)
Selecting previously unselected package libstdc++-4.9-dev:amd64.
(Reading database ... 63390 files and directories currently installed.)
Preparing to unpack .../libstdc++-4.9-dev_4.9.1-16ubuntu6_amd64.deb ...
Unpacking libstdc++-4.9-dev:amd64 (4.9.1-16ubuntu6) ...
Selecting previously unselected package g++-4.9.
Preparing to unpack .../g++-4.9_4.9.1-16ubuntu6_amd64.deb ...
Unpacking g++-4.9 (4.9.1-16ubuntu6) ...
Selecting previously unselected package g++.
Preparing to unpack .../g++_4%3a4.9.1-4ubuntu2_amd64.deb ...
Unpacking g++ (4:4.9.1-4ubuntu2) ...
Selecting previously unselected package libdpkg-perl.
Preparing to unpack .../libdpkg-perl_1.17.13ubuntu1_all.deb ...
Unpacking libdpkg-perl (1.17.13ubuntu1) ...
Selecting previously unselected package dpkg-dev.
Preparing to unpack .../dpkg-dev_1.17.13ubuntu1_all.deb ...
Unpacking dpkg-dev (1.17.13ubuntu1) ...
Selecting previously unselected package build-essential.
Preparing to unpack .../build-essential_11.6ubuntu6_amd64.deb ...
Unpacking build-essential (11.6ubuntu6) ...
Selecting previously unselected package gyp.
Preparing to unpack .../gyp_0.1~svn1729-3ubuntu1_all.deb ...
Unpacking gyp (0.1~svn1729-3ubuntu1) ...
Selecting previously unselected package javascript-common.
Preparing to unpack .../javascript-common_11_all.deb ...
Unpacking javascript-common (11) ...
Selecting previously unselected package libalgorithm-diff-perl.
Preparing to unpack .../libalgorithm-diff-perl_1.19.02-3_all.deb ...
Unpacking libalgorithm-diff-perl (1.19.02-3) ...
Selecting previously unselected package libalgorithm-diff-xs-perl.
Preparing to unpack .../libalgorithm-diff-xs-perl_0.04-3build1_amd64.deb ...
Unpacking libalgorithm-diff-xs-perl (0.04-3build1) ...
Selecting previously unselected package libalgorithm-merge-perl.
Preparing to unpack .../libalgorithm-merge-perl_0.08-2_all.deb ...
Unpacking libalgorithm-merge-perl (0.08-2) ...
Selecting previously unselected package libfile-fcntllock-perl.
Preparing to unpack .../libfile-fcntllock-perl_0.22-1build1_amd64.deb ...
Unpacking libfile-fcntllock-perl (0.22-1build1) ...
Selecting previously unselected package libjs-node-uuid.
Preparing to unpack .../libjs-node-uuid_1.4.0-1_all.deb ...
Unpacking libjs-node-uuid (1.4.0-1) ...
Selecting previously unselected package libjs-underscore.
Preparing to unpack .../libjs-underscore_1.4.4-2ubuntu1_all.deb ...
Unpacking libjs-underscore (1.4.4-2ubuntu1) ...
Selecting previously unselected package zlib1g-dev:amd64.
Preparing to unpack .../zlib1g-dev_1%3a1.2.8.dfsg-1ubuntu1_amd64.deb ...
Unpacking zlib1g-dev:amd64 (1:1.2.8.dfsg-1ubuntu1) ...
Selecting previously unselected package libssl-dev:amd64.
Preparing to unpack .../libssl-dev_1.0.1f-1ubuntu9.1_amd64.deb ...
Unpacking libssl-dev:amd64 (1.0.1f-1ubuntu9.1) ...
Selecting previously unselected package libssl-doc.
Preparing to unpack .../libssl-doc_1.0.1f-1ubuntu9.1_all.deb ...
Unpacking libssl-doc (1.0.1f-1ubuntu9.1) ...
Selecting previously unselected package libv8-3.14-dev.
Preparing to unpack .../libv8-3.14-dev_3.14.5.8-5ubuntu2_amd64.deb ...
Unpacking libv8-3.14-dev (3.14.5.8-5ubuntu2) ...
Selecting previously unselected package node-async.
Preparing to unpack .../node-async_0.8.0-1_all.deb ...
Unpacking node-async (0.8.0-1) ...
Selecting previously unselected package node-node-uuid.
Preparing to unpack .../node-node-uuid_1.4.0-1_all.deb ...
Unpacking node-node-uuid (1.4.0-1) ...
Selecting previously unselected package node-underscore.
Preparing to unpack .../node-underscore_1.4.4-2ubuntu1_all.deb ...
Unpacking node-underscore (1.4.4-2ubuntu1) ...
Selecting previously unselected package libc-ares-dev:amd64.
Preparing to unpack .../libc-ares-dev_1.10.0-2_amd64.deb ...
Unpacking libc-ares-dev:amd64 (1.10.0-2) ...
Selecting previously unselected package node-abbrev.
Preparing to unpack .../node-abbrev_1.0.5-2_all.deb ...
Unpacking node-abbrev (1.0.5-2) ...
Selecting previously unselected package node-ansi.
Preparing to unpack .../node-ansi_0.3.0-2_all.deb ...
Unpacking node-ansi (0.3.0-2) ...
Selecting previously unselected package node-ansi-color-table.
Preparing to unpack .../node-ansi-color-table_1.0.0-1_all.deb ...
Unpacking node-ansi-color-table (1.0.0-1) ...
Selecting previously unselected package node-archy.
Preparing to unpack .../node-archy_0.0.2-1_all.deb ...
Unpacking node-archy (0.0.2-1) ...
Selecting previously unselected package node-inherits.
Preparing to unpack .../node-inherits_2.0.0-1_all.deb ...
Unpacking node-inherits (2.0.0-1) ...
Selecting previously unselected package node-block-stream.
Preparing to unpack .../node-block-stream_0.0.7-1_all.deb ...
Unpacking node-block-stream (0.0.7-1) ...
Selecting previously unselected package node-delayed-stream.
Preparing to unpack .../node-delayed-stream_0.0.5-1_all.deb ...
Unpacking node-delayed-stream (0.0.5-1) ...
Selecting previously unselected package node-combined-stream.
Preparing to unpack .../node-combined-stream_0.0.5-1_all.deb ...
Unpacking node-combined-stream (0.0.5-1) ...
Selecting previously unselected package node-cookie-jar.
Preparing to unpack .../node-cookie-jar_0.3.1-1_all.deb ...
Unpacking node-cookie-jar (0.3.1-1) ...
Selecting previously unselected package node-forever-agent.
Preparing to unpack .../node-forever-agent_0.5.1-1_all.deb ...
Unpacking node-forever-agent (0.5.1-1) ...
Selecting previously unselected package node-mime.
Preparing to unpack .../node-mime_1.2.11-1_all.deb ...
Unpacking node-mime (1.2.11-1) ...
Selecting previously unselected package node-form-data.
Preparing to unpack .../node-form-data_0.1.0-1_all.deb ...
Unpacking node-form-data (0.1.0-1) ...
Selecting previously unselected package node-rimraf.
Preparing to unpack .../node-rimraf_2.2.2-2_all.deb ...
Unpacking node-rimraf (2.2.2-2) ...
Selecting previously unselected package node-mkdirp.
Preparing to unpack .../node-mkdirp_0.3.5-1_all.deb ...
Unpacking node-mkdirp (0.3.5-1) ...
Selecting previously unselected package node-graceful-fs.
Preparing to unpack .../node-graceful-fs_3.0.2-1_all.deb ...
Unpacking node-graceful-fs (3.0.2-1) ...
Selecting previously unselected package node-fstream.
Preparing to unpack .../node-fstream_0.1.24-1_all.deb ...
Unpacking node-fstream (0.1.24-1) ...
Selecting previously unselected package node-lru-cache.
Preparing to unpack .../node-lru-cache_2.3.1-1_all.deb ...
Unpacking node-lru-cache (2.3.1-1) ...
Selecting previously unselected package node-sigmund.
Preparing to unpack .../node-sigmund_1.0.0-1_all.deb ...
Unpacking node-sigmund (1.0.0-1) ...
Selecting previously unselected package node-minimatch.
Preparing to unpack .../node-minimatch_1.0.0-1_all.deb ...
Unpacking node-minimatch (1.0.0-1) ...
Selecting previously unselected package node-fstream-ignore.
Preparing to unpack .../node-fstream-ignore_0.0.6-2_all.deb ...
Unpacking node-fstream-ignore (0.0.6-2) ...
Selecting previously unselected package node-github-url-from-git.
Preparing to unpack .../node-github-url-from-git_1.1.1-1_all.deb ...
Unpacking node-github-url-from-git (1.1.1-1) ...
Selecting previously unselected package node-once.
Preparing to unpack .../node-once_1.1.1-1_all.deb ...
Unpacking node-once (1.1.1-1) ...
Selecting previously unselected package node-glob.
Preparing to unpack .../node-glob_4.0.5-1_all.deb ...
Unpacking node-glob (4.0.5-1) ...
Selecting previously unselected package nodejs-dev.
Preparing to unpack .../nodejs-dev_0.10.25~dfsg2-2ubuntu1_amd64.deb ...
Unpacking nodejs-dev (0.10.25~dfsg2-2ubuntu1) ...
Selecting previously unselected package node-nopt.
Preparing to unpack .../node-nopt_3.0.1-1_all.deb ...
Unpacking node-nopt (3.0.1-1) ...
Selecting previously unselected package node-npmlog.
Preparing to unpack .../node-npmlog_0.0.4-1_all.deb ...
Unpacking node-npmlog (0.0.4-1) ...
Selecting previously unselected package node-osenv.
Preparing to unpack .../node-osenv_0.1.0-1_all.deb ...
Unpacking node-osenv (0.1.0-1) ...
Selecting previously unselected package node-tunnel-agent.
Preparing to unpack .../node-tunnel-agent_0.3.1-1_all.deb ...
Unpacking node-tunnel-agent (0.3.1-1) ...
Selecting previously unselected package node-json-stringify-safe.
Preparing to unpack .../node-json-stringify-safe_5.0.0-1_all.deb ...
Unpacking node-json-stringify-safe (5.0.0-1) ...
Selecting previously unselected package node-qs.
Preparing to unpack .../node-qs_0.6.5-1_all.deb ...
Unpacking node-qs (0.6.5-1) ...
Selecting previously unselected package node-request.
Preparing to unpack .../node-request_2.26.1-1_all.deb ...
Unpacking node-request (2.26.1-1) ...
Selecting previously unselected package node-semver.
Preparing to unpack .../node-semver_2.1.0-2_all.deb ...
Unpacking node-semver (2.1.0-2) ...
Selecting previously unselected package node-tar.
Preparing to unpack .../node-tar_0.1.18-1_all.deb ...
Unpacking node-tar (0.1.18-1) ...
Selecting previously unselected package node-which.
Preparing to unpack .../node-which_1.0.5-2_all.deb ...
Unpacking node-which (1.0.5-2) ...
Selecting previously unselected package node-gyp.
Preparing to unpack .../node-gyp_0.12.2+ds-1_all.deb ...
Unpacking node-gyp (0.12.2+ds-1) ...
Selecting previously unselected package node-ini.
Preparing to unpack .../node-ini_1.1.0-1_all.deb ...
Unpacking node-ini (1.1.0-1) ...
Selecting previously unselected package node-lockfile.
Preparing to unpack .../node-lockfile_0.4.1-1_all.deb ...
Unpacking node-lockfile (0.4.1-1) ...
Selecting previously unselected package node-mute-stream.
Preparing to unpack .../node-mute-stream_0.0.4-1_all.deb ...
Unpacking node-mute-stream (0.0.4-1) ...
Selecting previously unselected package node-normalize-package-data.
Preparing to unpack .../node-normalize-package-data_0.2.2-1_all.deb ...
Unpacking node-normalize-package-data (0.2.2-1) ...
Selecting previously unselected package node-read.
Preparing to unpack .../node-read_1.0.5-1_all.deb ...
Unpacking node-read (1.0.5-1) ...
Selecting previously unselected package node-read-package-json.
Preparing to unpack .../node-read-package-json_1.2.4-1_all.deb ...
Unpacking node-read-package-json (1.2.4-1) ...
Selecting previously unselected package node-retry.
Preparing to unpack .../node-retry_0.6.0-1_all.deb ...
Unpacking node-retry (0.6.0-1) ...
Selecting previously unselected package node-sha.
Preparing to unpack .../node-sha_1.2.3-1_all.deb ...
Unpacking node-sha (1.2.3-1) ...
Selecting previously unselected package node-slide.
Preparing to unpack .../node-slide_1.1.4-1_all.deb ...
Unpacking node-slide (1.1.4-1) ...
Selecting previously unselected package npm.
Preparing to unpack .../npm_1.4.21+ds-2_all.deb ...
Unpacking npm (1.4.21+ds-2) ...
Processing triggers for man-db (2.7.0.2-2) ...
Setting up libstdc++-4.9-dev:amd64 (4.9.1-16ubuntu6) ...
Setting up g++-4.9 (4.9.1-16ubuntu6) ...
Setting up g++ (4:4.9.1-4ubuntu2) ...
update-alternatives: using /usr/bin/g++ to provide /usr/bin/c++ (c++) in auto mode
Setting up libdpkg-perl (1.17.13ubuntu1) ...
Setting up dpkg-dev (1.17.13ubuntu1) ...
Setting up build-essential (11.6ubuntu6) ...
Setting up gyp (0.1~svn1729-3ubuntu1) ...
Setting up javascript-common (11) ...
apache2_invoke: Enable configuration javascript-common
 * Reloading web server apache2
 * 
Setting up libalgorithm-diff-perl (1.19.02-3) ...
Setting up libalgorithm-diff-xs-perl (0.04-3build1) ...
Setting up libalgorithm-merge-perl (0.08-2) ...
Setting up libfile-fcntllock-perl (0.22-1build1) ...
Setting up libjs-node-uuid (1.4.0-1) ...
Setting up libjs-underscore (1.4.4-2ubuntu1) ...
Setting up zlib1g-dev:amd64 (1:1.2.8.dfsg-1ubuntu1) ...
Setting up libssl-dev:amd64 (1.0.1f-1ubuntu9.1) ...
Setting up libssl-doc (1.0.1f-1ubuntu9.1) ...
Setting up libv8-3.14-dev (3.14.5.8-5ubuntu2) ...
Setting up node-async (0.8.0-1) ...
Setting up node-node-uuid (1.4.0-1) ...
Setting up node-underscore (1.4.4-2ubuntu1) ...
Setting up libc-ares-dev:amd64 (1.10.0-2) ...
Setting up node-abbrev (1.0.5-2) ...
Setting up node-ansi (0.3.0-2) ...
Setting up node-ansi-color-table (1.0.0-1) ...
Setting up node-archy (0.0.2-1) ...
Setting up node-inherits (2.0.0-1) ...
Setting up node-block-stream (0.0.7-1) ...
Setting up node-delayed-stream (0.0.5-1) ...
Setting up node-combined-stream (0.0.5-1) ...
Setting up node-cookie-jar (0.3.1-1) ...
Setting up node-forever-agent (0.5.1-1) ...
Setting up node-mime (1.2.11-1) ...
Setting up node-form-data (0.1.0-1) ...
Setting up node-rimraf (2.2.2-2) ...
Setting up node-mkdirp (0.3.5-1) ...
Setting up node-graceful-fs (3.0.2-1) ...
Setting up node-fstream (0.1.24-1) ...
Setting up node-lru-cache (2.3.1-1) ...
Setting up node-sigmund (1.0.0-1) ...
Setting up node-minimatch (1.0.0-1) ...
Setting up node-fstream-ignore (0.0.6-2) ...
Setting up node-github-url-from-git (1.1.1-1) ...
Setting up node-once (1.1.1-1) ...
Setting up node-glob (4.0.5-1) ...
Setting up nodejs-dev (0.10.25~dfsg2-2ubuntu1) ...
Setting up node-nopt (3.0.1-1) ...
Setting up node-npmlog (0.0.4-1) ...
Setting up node-osenv (0.1.0-1) ...
Setting up node-tunnel-agent (0.3.1-1) ...
Setting up node-json-stringify-safe (5.0.0-1) ...
Setting up node-qs (0.6.5-1) ...
Setting up node-request (2.26.1-1) ...
Setting up node-semver (2.1.0-2) ...
Setting up node-tar (0.1.18-1) ...
Setting up node-which (1.0.5-2) ...
Setting up node-gyp (0.12.2+ds-1) ...
Setting up node-ini (1.1.0-1) ...
Setting up node-lockfile (0.4.1-1) ...
Setting up node-mute-stream (0.0.4-1) ...
Setting up node-normalize-package-data (0.2.2-1) ...
Setting up node-read (1.0.5-1) ...
Setting up node-read-package-json (1.2.4-1) ...
Setting up node-retry (0.6.0-1) ...
Setting up node-sha (1.2.3-1) ...
Setting up node-slide (1.1.4-1) ...
Setting up npm (1.4.21+ds-2) ...
/usr/local/bin/bower -> /usr/local/lib/node_modules/bower/bin/bower
bower@1.3.12 /usr/local/lib/node_modules/bower
├── is-root@1.0.0
├── junk@1.0.0
├── stringify-object@1.0.0
├── which@1.0.8
├── abbrev@1.0.5
├── chmodr@0.1.0
├── osenv@0.1.0
├── archy@0.0.2
├── opn@1.0.1
├── rimraf@2.2.8
├── bower-logger@0.2.2
├── lru-cache@2.5.0
├── bower-endpoint-parser@0.2.2
├── graceful-fs@3.0.5
├── lockfile@1.0.0
├── nopt@3.0.1
├── retry@0.6.0
├── tmp@0.0.23
├── q@1.0.1
├── request-progress@0.3.0 (throttleit@0.0.2)
├── semver@2.3.2
├── shell-quote@1.4.2 (array-filter@0.0.1, array-map@0.0.0, array-reduce@0.0.0, jsonify@0.0.0)
├── fstream@1.0.4 (inherits@2.0.1)
├── p-throttler@0.1.0 (q@0.9.7)
├── chalk@0.5.0 (escape-string-regexp@1.0.2, ansi-styles@1.1.0, supports-color@0.2.0, strip-ansi@0.3.0, has-ansi@0.1.0)
├── bower-json@0.4.0 (intersect@0.0.3, deep-extend@0.2.11, graceful-fs@2.0.3)
├── promptly@0.2.0 (read@1.0.5)
├── mkdirp@0.5.0 (minimist@0.0.8)
├── bower-config@0.5.2 (osenv@0.0.3, graceful-fs@2.0.3, optimist@0.6.1)
├── fstream-ignore@1.0.2 (inherits@2.0.1, minimatch@2.0.1)
├── decompress-zip@0.0.8 (nopt@2.2.1, mkpath@0.1.0, touch@0.0.2, readable-stream@1.1.13, binary@0.3.0)
├── tar-fs@0.5.2 (pump@0.3.5, tar-stream@0.4.7)
├── request@2.42.0 (caseless@0.6.0, json-stringify-safe@5.0.0, aws-sign2@0.5.0, forever-agent@0.5.2, stringstream@0.0.4, oauth-sign@0.4.0, tunnel-agent@0.4.0, qs@1.2.2, node-uuid@1.4.2, mime-types@1.0.2, bl@0.9.4, form-data@0.1.4, http-signature@0.10.1, tough-cookie@0.12.1, hawk@1.1.1)
├── glob@4.0.6 (inherits@2.0.1, once@1.3.1, minimatch@1.0.0)
├── bower-registry-client@0.2.3 (graceful-fs@2.0.3, request-replay@0.2.0, lru-cache@2.3.1, async@0.2.10, mkdirp@0.3.5, request@2.51.0)
├── cardinal@0.4.0 (redeyed@0.4.4)
├── mout@0.9.1
├── update-notifier@0.2.0 (semver-diff@0.1.0, string-length@0.1.2, latest-version@0.2.0, configstore@0.3.2)
├── inquirer@0.7.1 (figures@1.3.5, mute-stream@0.0.4, through@2.3.6, readline2@0.1.1, lodash@2.4.1, cli-color@0.3.2, rx@2.3.25)
├── handlebars@2.0.0 (optimist@0.3.7, uglify-js@2.3.6)
└── insight@0.4.3 (object-assign@1.0.0, async@0.9.0, chalk@0.5.1, lodash.debounce@2.4.1, os-name@1.0.3, tough-cookie@0.12.1, configstore@0.3.2, inquirer@0.6.0)
Updating to version 020e1c214385a986e330f93a29143d7cbd1a677e.
    Downloading: connection...    Downloading: 0%
    Downloading: 5%
    Downloading: 10%
    Downloading: 15%
    Downloading: 20%
    Downloading: 25%
    Downloading: 30%
    Downloading: 35%
    Downloading: 40%
    Downloading: 45%
    Downloading: 50%
    Downloading: 55%
    Downloading: 60%
    Downloading: 65%
    Downloading: 70%
    Downloading: 75%
    Downloading: 80%
    Downloading: 85%
    Downloading: 90%
    Downloading: 95%
    Downloading: 100%
Use composer self-update --rollback to return to version 6c971c302848a81a93dd626e53e8769dcd1ff4b7
Loading composer repositories with package information
Updating dependencies (including require-dev)
Nothing to install or update
Generating autoload files
bower bootstrap#3.2.0       not-cached git://github.com/twbs/bootstrap.git#3.2.0
bower bootstrap#3.2.0          resolve git://github.com/twbs/bootstrap.git#3.2.0
bower ember#~1.10.0         not-cached git://github.com/components/ember.git#~1.10.0
bower ember#~1.10.0            resolve git://github.com/components/ember.git#~1.10.0
bower modernizr#2.8.3       not-cached git://github.com/Modernizr/Modernizr.git#2.8.3
bower modernizr#2.8.3          resolve git://github.com/Modernizr/Modernizr.git#2.8.3
bower moment#2.8.0          not-cached git://github.com/moment/moment.git#2.8.0
bower moment#2.8.0             resolve git://github.com/moment/moment.git#2.8.0
bower html5shiv#3.7.2       not-cached git://github.com/aFarkas/html5shiv.git#3.7.2
bower html5shiv#3.7.2          resolve git://github.com/aFarkas/html5shiv.git#3.7.2
bower handlebars#>= 1.0.0 < 2.0       not-cached git://github.com/components/handlebars.js.git#>= 1.0.0 < 2.0
bower handlebars#>= 1.0.0 < 2.0          resolve git://github.com/components/handlebars.js.git#>= 1.0.0 < 2.0
bower ember-data#1.0.0-beta.11        not-cached git://github.com/components/ember-data.git#1.0.0-beta.11
bower ember-data#1.0.0-beta.11           resolve git://github.com/components/ember-data.git#1.0.0-beta.11
bower ember#~1.10.0                     download https://github.com/components/ember/archive/1.10.0.tar.gz
bower modernizr#2.8.3                   download https://github.com/Modernizr/Modernizr/archive/v2.8.3.tar.gz
bower html5shiv#3.7.2                   download https://github.com/aFarkas/html5shiv/archive/3.7.2.tar.gz
bower moment#2.8.0                      download https://github.com/moment/moment/archive/2.8.0.tar.gz
bower bootstrap#3.2.0                   download https://github.com/twbs/bootstrap/archive/v3.2.0.tar.gz
bower modernizr#2.8.3                    extract archive.tar.gz
bower html5shiv#3.7.2                    extract archive.tar.gz
bower moment#2.8.0                       extract archive.tar.gz
bower html5shiv#3.7.2                   resolved git://github.com/aFarkas/html5shiv.git#3.7.2
bower bootstrap#3.2.0                    extract archive.tar.gz
bower ember#~1.10.0                      extract archive.tar.gz
bower modernizr#2.8.3               invalid-meta modernizr is missing "main" entry in bower.json
bower modernizr#2.8.3               invalid-meta modernizr is missing "ignore" entry in bower.json
bower modernizr#2.8.3                   resolved git://github.com/Modernizr/Modernizr.git#2.8.3
bower ember#~1.10.0                 invalid-meta ember is missing "ignore" entry in bower.json
bower ember#~1.10.0                     resolved git://github.com/components/ember.git#1.10.0
bower jquery#>= 1.7.0 < 2.2.0         not-cached git://github.com/jquery/jquery.git#>= 1.7.0 < 2.2.0
bower jquery#>= 1.7.0 < 2.2.0            resolve git://github.com/jquery/jquery.git#>= 1.7.0 < 2.2.0
bower moment#2.8.0                      resolved git://github.com/moment/moment.git#2.8.0
bower bootstrap#3.2.0                   resolved git://github.com/twbs/bootstrap.git#3.2.0
bower jquery#>= 1.9.0                 not-cached git://github.com/jquery/jquery.git#>= 1.9.0
bower jquery#>= 1.9.0                    resolve git://github.com/jquery/jquery.git#>= 1.9.0
bower handlebars#>= 1.0.0 < 2.0         download https://github.com/components/handlebars.js/archive/v1.3.0.tar.gz
bower ember-data#1.0.0-beta.11          download https://github.com/components/ember-data/archive/v1.0.0-beta.11.tar.gz
bower handlebars#>= 1.0.0 < 2.0          extract archive.tar.gz
bower handlebars#>= 1.0.0 < 2.0     invalid-meta handlebars is missing "ignore" entry in bower.json
bower handlebars#>= 1.0.0 < 2.0         resolved git://github.com/components/handlebars.js.git#1.3.0
bower ember-data#1.0.0-beta.11           extract archive.tar.gz
bower ember-data#1.0.0-beta.11      invalid-meta ember-data is missing "ignore" entry in bower.json
bower ember-data#1.0.0-beta.11          resolved git://github.com/components/ember-data.git#1.0.0-beta.11
bower jquery#>= 1.7.0 < 2.2.0           download https://github.com/jquery/jquery/archive/2.1.3.tar.gz
bower jquery#>= 1.9.0                   download https://github.com/jquery/jquery/archive/2.1.3.tar.gz
bower jquery#>= 1.9.0                    extract archive.tar.gz
bower jquery#>= 1.7.0 < 2.2.0            extract archive.tar.gz
bower jquery#>= 1.9.0                   resolved git://github.com/jquery/jquery.git#2.1.3
bower jquery#>= 1.7.0 < 2.2.0           resolved git://github.com/jquery/jquery.git#2.1.3
bower html5shiv#3.7.2                    install html5shiv#3.7.2
bower modernizr#2.8.3                    install modernizr#2.8.3
bower ember#~1.10.0                      install ember#1.10.0
bower moment#2.8.0                       install moment#2.8.0
bower bootstrap#3.2.0                    install bootstrap#3.2.0
bower handlebars#>= 1.0.0 < 2.0          install handlebars#1.3.0
bower ember-data#1.0.0-beta.11           install ember-data#1.0.0-beta.11
bower jquery#>= 1.9.0                    install jquery#2.1.3

html5shiv#3.7.2 public/bower_components/html5shiv

modernizr#2.8.3 public/bower_components/modernizr

ember#1.10.0 public/bower_components/ember
└── jquery#2.1.3

moment#2.8.0 public/bower_components/moment

bootstrap#3.2.0 public/bower_components/bootstrap
└── jquery#2.1.3

handlebars#1.3.0 public/bower_components/handlebars

ember-data#1.0.0-beta.11 public/bower_components/ember-data
└── ember#1.10.0

jquery#2.1.3 public/bower_components/jquery
 * Restarting PostgreSQL 9.4 database server
   ...done.
OK
Ign http://security.ubuntu.com utopic-security InRelease
Ign http://archive.ubuntu.com utopic InRelease
Get:1 http://apt.postgresql.org precise-pgdg InRelease [33.8 kB]
Hit http://security.ubuntu.com utopic-security Release.gpg
Ign http://archive.ubuntu.com utopic-updates InRelease
Hit http://security.ubuntu.com utopic-security Release
Hit http://archive.ubuntu.com utopic Release.gpg
Hit http://security.ubuntu.com utopic-security/main Sources
Hit http://archive.ubuntu.com utopic-updates Release.gpg
Get:2 http://apt.postgresql.org precise-pgdg/main amd64 Packages [51.7 kB]
Hit http://security.ubuntu.com utopic-security/universe Sources
Hit http://archive.ubuntu.com utopic Release
Hit http://security.ubuntu.com utopic-security/main amd64 Packages
Hit http://archive.ubuntu.com utopic-updates Release
Hit http://security.ubuntu.com utopic-security/universe amd64 Packages
Hit http://archive.ubuntu.com utopic/main Sources
Hit http://security.ubuntu.com utopic-security/main Translation-en
Hit http://archive.ubuntu.com utopic/universe Sources
Hit http://security.ubuntu.com utopic-security/universe Translation-en
Hit http://archive.ubuntu.com utopic/main amd64 Packages
Hit http://archive.ubuntu.com utopic/universe amd64 Packages
Hit http://archive.ubuntu.com utopic/main Translation-en
Hit http://archive.ubuntu.com utopic/universe Translation-en
Hit http://archive.ubuntu.com utopic-updates/main Sources
Hit http://archive.ubuntu.com utopic-updates/universe Sources
Hit http://archive.ubuntu.com utopic-updates/main amd64 Packages
Ign http://apt.postgresql.org precise-pgdg/main Translation-en_US
Hit http://archive.ubuntu.com utopic-updates/universe amd64 Packages
Hit http://archive.ubuntu.com utopic-updates/main Translation-en
Ign http://apt.postgresql.org precise-pgdg/main Translation-en
Hit http://archive.ubuntu.com utopic-updates/universe Translation-en
Fetched 85.5 kB in 7s (11.3 kB/s)
Reading package lists...
Reading package lists...
Building dependency tree...
Reading state information...
The following packages were automatically installed and are no longer required:
  libegl1-mesa libegl1-mesa-drivers libepoxy0 libgbm1 libopenvg1-mesa
  libwayland-client0 libwayland-egl1-mesa libwayland-server0 libxcb-xfixes0
  libxcomposite1 libxrandr2 libxrender1 xserver-xorg-core
Use 'apt-get autoremove' to remove them.
The following packages have been kept back:
  postgresql-client-common postgresql-common
The following packages will be upgraded:
  libpq5 postgresql postgresql-9.4 postgresql-client-9.4
4 upgraded, 0 newly installed, 0 to remove and 2 not upgraded.
Need to get 4,894 kB of archives.
After this operation, 8,220 kB of additional disk space will be used.
Get:1 http://apt.postgresql.org/pub/repos/apt/ precise-pgdg/main libpq5 amd64 9.4.1-1.pgdg12.4+1 [119 kB]
Get:2 http://apt.postgresql.org/pub/repos/apt/ precise-pgdg/main postgresql-client-9.4 amd64 9.4.1-1.pgdg12.4+1 [1,069 kB]
Get:3 http://apt.postgresql.org/pub/repos/apt/ precise-pgdg/main postgresql-9.4 amd64 9.4.1-1.pgdg12.4+1 [3,654 kB]
Get:4 http://apt.postgresql.org/pub/repos/apt/ precise-pgdg/main postgresql all 9.4+166.pgdg12.4+1 [51.6 kB]
Fetched 4,894 kB in 9s (539 kB/s)
(Reading database ... 67328 files and directories currently installed.)
Preparing to unpack .../libpq5_9.4.1-1.pgdg12.4+1_amd64.deb ...
Unpacking libpq5:amd64 (9.4.1-1.pgdg12.4+1) over (9.4.0-1~0ubuntu0.14.10) ...
Preparing to unpack .../postgresql-client-9.4_9.4.1-1.pgdg12.4+1_amd64.deb ...
Unpacking postgresql-client-9.4 (9.4.1-1.pgdg12.4+1) over (9.4.0-1~0ubuntu0.14.10) ...
Preparing to unpack .../postgresql-9.4_9.4.1-1.pgdg12.4+1_amd64.deb ...
 * Stopping PostgreSQL 9.4 database server
   ...done.
Unpacking postgresql-9.4 (9.4.1-1.pgdg12.4+1) over (9.4.0-1~0ubuntu0.14.10) ...
Preparing to unpack .../postgresql_9.4+166.pgdg12.4+1_all.deb ...
Unpacking postgresql (9.4+166.pgdg12.4+1) over (9.4+162) ...
Processing triggers for postgresql-common (162) ...
Building PostgreSQL dictionaries from installed myspell/hunspell packages...
Removing obsolete dictionary files:
Setting up libpq5:amd64 (9.4.1-1.pgdg12.4+1) ...
Setting up postgresql-client-9.4 (9.4.1-1.pgdg12.4+1) ...
Setting up postgresql-9.4 (9.4.1-1.pgdg12.4+1) ...
 * Starting PostgreSQL 9.4 database server
   ...done.
Setting up postgresql (9.4+166.pgdg12.4+1) ...
Processing triggers for libc-bin (2.19-10ubuntu2.2) ...
Reading package lists...
Building dependency tree...
Reading state information...
postgresql-9.4 is already the newest version.
postgresql-9.4 set to manually installed.
The following packages were automatically installed and are no longer required:
  libegl1-mesa libegl1-mesa-drivers libepoxy0 libgbm1 libopenvg1-mesa
  libwayland-client0 libwayland-egl1-mesa libwayland-server0 libxcb-xfixes0
  libxcomposite1 libxrandr2 libxrender1 xserver-xorg-core
Use 'apt-get autoremove' to remove them.
Suggested packages:
  libdbd-pg-perl
The following NEW packages will be installed:
  libxslt1.1 postgresql-contrib-9.4
0 upgraded, 2 newly installed, 0 to remove and 2 not upgraded.
Need to get 572 kB of archives.
After this operation, 2,407 kB of additional disk space will be used.
Get:1 http://archive.ubuntu.com/ubuntu/ utopic/main libxslt1.1 amd64 1.1.28-2build1 [145 kB]
Get:2 http://apt.postgresql.org/pub/repos/apt/ precise-pgdg/main postgresql-contrib-9.4 amd64 9.4.1-1.pgdg12.4+1 [427 kB]
Fetched 572 kB in 6s (85.5 kB/s)
Selecting previously unselected package libxslt1.1:amd64.
(Reading database ... 67459 files and directories currently installed.)
Preparing to unpack .../libxslt1.1_1.1.28-2build1_amd64.deb ...
Unpacking libxslt1.1:amd64 (1.1.28-2build1) ...
Selecting previously unselected package postgresql-contrib-9.4.
Preparing to unpack .../postgresql-contrib-9.4_9.4.1-1.pgdg12.4+1_amd64.deb ...
Unpacking postgresql-contrib-9.4 (9.4.1-1.pgdg12.4+1) ...
Processing triggers for postgresql-common (162) ...
Building PostgreSQL dictionaries from installed myspell/hunspell packages...
Removing obsolete dictionary files:
Setting up libxslt1.1:amd64 (1.1.28-2build1) ...
Setting up postgresql-contrib-9.4 (9.4.1-1.pgdg12.4+1) ...
update-alternatives: updating alternative /usr/share/postgresql/9.4/man/man1/postmaster.1.gz because link group postmaster.1.gz has changed slave links
Processing triggers for libc-bin (2.19-10ubuntu2.2) ...
 * Restarting PostgreSQL 9.4 database server
   ...done.
CREATE ROLE
CREATE DATABASE
Successfully created PostgreSQL dev virtual machine.

Your PostgreSQL database has been setup and can be accessed on your local machine on the forwarded port (default: 15432)
  Host: localhost
  Port: 15432
  Database: timecop
  Username: timecop
  Password: jcvd

Admin access to postgres user via VM:
  vagrant ssh
  sudo su - postgres

psql access to app database user via VM:
  vagrant ssh
  sudo su - postgres
  PGUSER=timecop PGPASSWORD=jcvd psql -h localhost timecop

Env variable for application development:
  DATABASE_URL=postgresql://timecop:jcvd@localhost:15432/timecop

Local command to access the database via psql:
  PGUSER=timecop PGPASSWORD=jcvd psql -h localhost -p 15432 timecop
PHP Warning:  array_map(): An error occurred while invoking the map callback in /srv/workspace/vendor/doctrine/doctrine-orm-module/src/DoctrineORMModule/Module.php on line 138

Warning: array_map(): An error occurred while invoking the map callback in /srv/workspace/vendor/doctrine/doctrine-orm-module/src/DoctrineORMModule/Module.php on line 138
PHP Fatal error:  Uncaught exception 'PDOException' with message 'SQLSTATE[08006] [7] timeout expired' in /srv/workspace/vendor/doctrine/dbal/lib/Doctrine/DBAL/Driver/PDOConnection.php:43
Stack trace:
#0 /srv/workspace/vendor/doctrine/dbal/lib/Doctrine/DBAL/Driver/PDOConnection.php(43): PDO->__construct('pgsql:host=10.1...', 'timecop', 'jcvd', Array)
#1 /srv/workspace/vendor/doctrine/dbal/lib/Doctrine/DBAL/Driver/PDOPgSql/Driver.php(46): Doctrine\DBAL\Driver\PDOConnection->__construct('pgsql:host=10.1...', 'timecop', 'jcvd', Array)
#2 /srv/workspace/vendor/doctrine/dbal/lib/Doctrine/DBAL/Connection.php(360): Doctrine\DBAL\Driver\PDOPgSql\Driver->connect(Array, 'timecop', 'jcvd', Array)
#3 /srv/workspace/vendor/doctrine/dbal/lib/Doctrine/DBAL/Connection.php(429): Doctrine\DBAL\Connection->connect()
#4 /srv/workspace/vendor/doctrine/dbal/lib/Doctrine/DBAL/Connection.php(389): Doctrine\DBAL\Connection->getDatabasePlatformVersion()
#5 /srv/workspace/vendor/doctrine/dbal/lib/Doctrine/DBAL/Connection.php(328): Doctrine\DBAL\Connecti in /srv/workspace/vendor/zendframework/zendframework/library/Zend/ServiceManager/ServiceManager.php on line 912

Fatal error: Uncaught exception 'PDOException' with message 'SQLSTATE[08006] [7] timeout expired' in /srv/workspace/vendor/doctrine/dbal/lib/Doctrine/DBAL/Driver/PDOConnection.php:43
Stack trace:
#0 /srv/workspace/vendor/doctrine/dbal/lib/Doctrine/DBAL/Driver/PDOConnection.php(43): PDO->__construct('pgsql:host=10.1...', 'timecop', 'jcvd', Array)
#1 /srv/workspace/vendor/doctrine/dbal/lib/Doctrine/DBAL/Driver/PDOPgSql/Driver.php(46): Doctrine\DBAL\Driver\PDOConnection->__construct('pgsql:host=10.1...', 'timecop', 'jcvd', Array)
#2 /srv/workspace/vendor/doctrine/dbal/lib/Doctrine/DBAL/Connection.php(360): Doctrine\DBAL\Driver\PDOPgSql\Driver->connect(Array, 'timecop', 'jcvd', Array)
#3 /srv/workspace/vendor/doctrine/dbal/lib/Doctrine/DBAL/Connection.php(429): Doctrine\DBAL\Connection->connect()
#4 /srv/workspace/vendor/doctrine/dbal/lib/Doctrine/DBAL/Connection.php(389): Doctrine\DBAL\Connection->getDatabasePlatformVersion()
#5 /srv/workspace/vendor/doctrine/dbal/lib/Doctrine/DBAL/Connection.php(328): Doctrine\DBAL\Connecti in /srv/workspace/vendor/zendframework/zendframework/library/Zend/ServiceManager/ServiceManager.php on line 912
Module php5 already enabled
Enabling module rewrite.
To activate the new configuration, you need to run:
  service apache2 restart
grep: /etc/apache2/conf-available/fqdn.conf: No such file or directory
 * Stopping web server apache2
 * 
 * Starting web server apache2
 * 
